2018:11:01:15:57:26 INFO: ███ NodeJS_Monitor listens 8083 port
2018:11:01:15:57:26 INFO: ███ Work directory: D:\nodeJS_Monitor
2018:11:01:15:57:27 INFO: Processing comandsExecutor...
2018:11:01:15:57:56 INFO: Processing comandsExecutor...
2018:11:01:15:59:33 INFO: ███ NodeJS_Monitor listens 8083 port
2018:11:01:15:59:33 INFO: ███ Work directory: D:\nodeJS_Monitor
2018:11:01:15:59:34 INFO: Processing comandsExecutor...
2018:11:01:15:59:43 INFO: Processing comandsExecutor...
2018:11:01:15:59:53 INFO: Processing comandsExecutor...
2018:11:01:16:00:03 INFO: Processing comandsExecutor...
2018:11:01:16:00:13 INFO: Processing comandsExecutor...
2018:11:01:16:00:23 INFO: Processing comandsExecutor...
2018:11:01:16:00:33 INFO: Processing comandsExecutor...
2018:11:01:16:00:43 INFO: Processing comandsExecutor...
2018:11:01:16:00:53 INFO: Processing comandsExecutor...
2018:11:01:16:01:03 INFO: Processing comandsExecutor...
2018:11:01:16:01:13 INFO: Processing comandsExecutor...
2018:11:01:16:01:23 INFO: Processing comandsExecutor...
2018:11:01:16:01:33 INFO: Processing comandsExecutor...
2018:11:01:16:01:43 INFO: Processing comandsExecutor...
2018:11:01:16:01:53 INFO: Processing comandsExecutor...
2018:11:01:16:02:03 INFO: Processing comandsExecutor...
2018:11:01:16:02:13 INFO: Processing comandsExecutor...
2018:11:01:16:02:23 INFO: Processing comandsExecutor...
2018:11:01:16:02:33 INFO: Processing comandsExecutor...
2018:11:01:16:02:43 INFO: Processing comandsExecutor...
2018:11:01:16:02:53 INFO: Processing comandsExecutor...
2018:11:01:16:03:03 INFO: Processing comandsExecutor...
2018:11:01:16:03:13 INFO: Processing comandsExecutor...
2018:11:01:16:03:23 INFO: Processing comandsExecutor...
2018:11:01:16:03:31 INFO: ███ NodeJS_Monitor listens 8083 port
2018:11:01:16:03:31 INFO: ███ Work directory: D:\nodeJS_Monitor
2018:11:01:16:03:32 INFO: Processing comandsExecutor...
2018:11:01:16:03:41 INFO: Processing comandsExecutor...
2018:11:01:16:03:51 INFO: Processing comandsExecutor...
2018:11:01:16:03:57 INFO: ███ NodeJS_Monitor listens 8083 port
2018:11:01:16:03:57 INFO: ███ Work directory: D:\nodeJS_Monitor
2018:11:01:16:03:58 INFO: Processing comandsExecutor...
2018:11:01:16:04:07 INFO: Processing comandsExecutor...
2018:11:01:16:04:36 INFO: ███ NodeJS_Monitor listens 8083 port
2018:11:01:16:04:36 INFO: ███ Work directory: D:\nodeJS_Monitor
2018:11:01:16:04:37 INFO: Processing comandsExecutor...
2018:11:01:16:05:06 INFO: Processing comandsExecutor...
2018:11:01:16:05:36 INFO: Processing comandsExecutor...
2018:11:01:16:06:06 INFO: Processing comandsExecutor...
2018:11:01:16:06:36 INFO: Processing comandsExecutor...
2018:11:01:16:07:06 INFO: Processing comandsExecutor...
2018:11:01:16:07:36 INFO: Processing comandsExecutor...
2018:11:01:16:08:06 INFO: Processing comandsExecutor...
2018:11:01:16:08:36 INFO: Processing comandsExecutor...
2018:11:01:16:09:06 INFO: Processing comandsExecutor...
2018:11:01:16:09:36 INFO: Processing comandsExecutor...
2018:11:01:16:10:06 INFO: Processing comandsExecutor...
2018:11:01:16:10:36 INFO: Processing comandsExecutor...
2018:11:01:16:11:06 INFO: Processing comandsExecutor...
2018:11:01:16:11:36 INFO: Processing comandsExecutor...
2018:11:01:16:12:06 INFO: Processing comandsExecutor...
2018:11:01:16:12:36 INFO: Processing comandsExecutor...
2018:11:01:16:13:06 INFO: Processing comandsExecutor...
2018:11:01:16:13:36 INFO: Processing comandsExecutor...
2018:11:01:16:14:06 INFO: Processing comandsExecutor...
2018:11:01:16:14:36 INFO: Processing comandsExecutor...
2018:11:01:16:15:06 INFO: Processing comandsExecutor...
2018:11:01:16:15:36 INFO: Processing comandsExecutor...
2018:11:01:16:16:06 INFO: Processing comandsExecutor...
2018:11:01:16:16:36 INFO: Processing comandsExecutor...
2018:11:01:16:17:06 INFO: Processing comandsExecutor...
2018:11:01:16:17:36 INFO: Processing comandsExecutor...
2018:11:01:16:18:06 INFO: Processing comandsExecutor...
2018:11:01:16:18:36 INFO: Processing comandsExecutor...
2018:11:01:16:19:06 INFO: Processing comandsExecutor...
2018:11:01:16:19:36 INFO: Processing comandsExecutor...
2018:11:01:16:20:06 INFO: Processing comandsExecutor...
2018:11:01:16:20:36 INFO: Processing comandsExecutor...
2018:11:01:16:21:06 INFO: Processing comandsExecutor...
2018:11:01:16:21:36 INFO: Processing comandsExecutor...
2018:11:01:16:22:06 INFO: Processing comandsExecutor...
2018:11:01:16:22:36 INFO: Processing comandsExecutor...
2018:11:01:16:23:06 INFO: Processing comandsExecutor...
2018:11:01:16:23:36 INFO: Processing comandsExecutor...
2018:11:01:16:24:06 INFO: Processing comandsExecutor...
2018:11:01:16:24:36 INFO: Processing comandsExecutor...
2018:11:01:16:25:06 INFO: Processing comandsExecutor...
2018:11:01:16:25:36 INFO: Processing comandsExecutor...
2018:11:01:16:26:06 INFO: Processing comandsExecutor...
2018:11:01:16:26:36 INFO: Processing comandsExecutor...
2018:11:01:16:27:06 INFO: Processing comandsExecutor...
2018:11:01:16:27:36 INFO: Processing comandsExecutor...
2018:11:01:16:28:06 INFO: Processing comandsExecutor...
2018:11:01:16:28:36 INFO: Processing comandsExecutor...
2018:11:01:16:29:06 INFO: Processing comandsExecutor...
2018:11:01:16:29:36 INFO: Processing comandsExecutor...
2018:11:01:16:30:06 INFO: Processing comandsExecutor...
2018:11:01:16:30:36 INFO: Processing comandsExecutor...
2018:11:01:16:31:06 INFO: Processing comandsExecutor...
2018:11:01:16:31:36 INFO: Processing comandsExecutor...
2018:11:01:16:32:06 INFO: Processing comandsExecutor...
2018:11:01:16:32:36 INFO: Processing comandsExecutor...
2018:11:01:16:33:06 INFO: Processing comandsExecutor...
2018:11:01:16:33:36 INFO: Processing comandsExecutor...
2018:11:01:16:35:08 INFO: ███ NodeJS_Monitor listens 8083 port
2018:11:01:16:35:08 INFO: ███ Work directory: D:\nodeJS_Monitor
2018:11:01:16:35:09 INFO: Processing comandsExecutor...
2018:11:01:16:35:38 INFO: Processing comandsExecutor...
2018:11:01:16:36:00 INFO: ███ NodeJS_Monitor listens 8083 port
2018:11:01:16:36:00 INFO: ███ Work directory: D:\nodeJS_Monitor
2018:11:01:16:36:01 INFO: Processing comandsExecutor...
2018:11:01:16:36:30 INFO: Processing comandsExecutor...
2018:11:01:16:37:00 INFO: Processing comandsExecutor...
2018:11:01:16:38:03 INFO: ███ NodeJS_Monitor listens 8083 port
2018:11:01:16:38:03 INFO: ███ Work directory: D:\nodeJS_Monitor
2018:11:01:16:38:04 INFO: Processing comandsExecutor...
2018:11:01:16:38:33 INFO: Processing comandsExecutor...
2018:11:01:16:39:03 INFO: Processing comandsExecutor...
2018:11:01:16:39:33 INFO: Processing comandsExecutor...
2018:11:01:16:40:17 INFO: ███ NodeJS_Monitor listens 8083 port
2018:11:01:16:40:17 INFO: ███ Work directory: D:\nodeJS_Monitor
2018:11:01:16:40:18 INFO: Processing comandsExecutor...
2018:11:01:16:40:39 INFO: 
2018:11:01:16:40:47 INFO: Processing comandsExecutor...
2018:11:01:16:42:04 INFO: ███ NodeJS_Monitor listens 8083 port
2018:11:01:16:42:04 INFO: ███ Work directory: D:\nodeJS_Monitor
2018:11:01:16:42:05 INFO: Processing comandsExecutor...
2018:11:01:16:43:42 INFO: ███ NodeJS_Monitor listens 8083 port
2018:11:01:16:43:42 INFO: ███ Work directory: D:\nodeJS_Monitor
2018:11:01:16:43:43 INFO: Processing comandsExecutor...
2018:11:01:16:49:13 INFO: ███ NodeJS_Monitor listens 8083 port
2018:11:01:16:49:13 INFO: ███ Work directory: D:\nodeJS_Monitor
2018:11:01:16:49:14 INFO: Processing comandsExecutor...
2018:11:01:16:50:09 INFO: ███ NodeJS_Monitor listens 8083 port
2018:11:01:16:50:09 INFO: ███ Work directory: D:\nodeJS_Monitor
2018:11:01:16:50:10 INFO: Processing comandsExecutor...
2018:11:01:16:50:39 INFO: Processing comandsExecutor...
2018:11:01:16:51:09 INFO: Processing comandsExecutor...
2018:11:01:16:51:35 INFO: ███ NodeJS_Monitor listens 8083 port
2018:11:01:16:51:35 INFO: ███ Work directory: D:\nodeJS_Monitor
2018:11:01:16:51:36 INFO: Processing comandsExecutor...
2018:11:01:16:52:05 INFO: Processing comandsExecutor...
2018:11:01:16:52:35 INFO: Processing comandsExecutor...
2018:11:01:16:53:05 INFO: Processing comandsExecutor...
2018:11:01:16:53:35 INFO: Processing comandsExecutor...
2018:11:01:16:54:05 INFO: Processing comandsExecutor...
2018:11:01:16:54:35 INFO: Processing comandsExecutor...
2018:11:01:16:55:05 INFO: Processing comandsExecutor...
2018:11:01:16:55:35 INFO: Processing comandsExecutor...
2018:11:01:16:56:05 INFO: Processing comandsExecutor...
2018:11:01:16:57:58 INFO: ███ NodeJS_Monitor listens 8083 port
2018:11:01:16:57:58 INFO: ███ Work directory: D:\nodeJS_Monitor
2018:11:01:16:57:59 INFO: Processing comandsExecutor...
2018:11:01:16:58:20 INFO: Processed 9 comands. Waiting next execution.
2018:11:01:16:58:28 INFO: Processing comandsExecutor...
2018:11:01:16:58:49 INFO: Processed 9 comands. Waiting next execution.
2018:11:01:16:58:58 INFO: Processing comandsExecutor...
2018:11:01:16:59:19 INFO: Processed 9 comands. Waiting next execution.
2018:11:01:16:59:28 INFO: Processing comandsExecutor...
2018:11:01:16:59:49 INFO: Processed 9 comands. Waiting next execution.
2018:11:01:16:59:58 INFO: Processing comandsExecutor...
2018:11:01:17:00:19 INFO: Processed 9 comands. Waiting next execution.
2018:11:01:17:00:28 INFO: Processing comandsExecutor...
2018:11:01:17:00:49 INFO: Processed 9 comands. Waiting next execution.
2018:11:01:17:00:58 INFO: Processing comandsExecutor...
2018:11:01:17:01:19 INFO: Processed 9 comands. Waiting next execution.
2018:11:01:17:01:28 INFO: Processing comandsExecutor...
2018:11:01:17:01:49 INFO: Processed 9 comands. Waiting next execution.
2018:11:01:17:01:58 INFO: Processing comandsExecutor...
2018:11:01:17:02:19 INFO: Processed 9 comands. Waiting next execution.
2018:11:01:17:02:28 INFO: Processing comandsExecutor...
2018:11:01:17:02:49 INFO: Processed 9 comands. Waiting next execution.
2018:11:01:17:02:58 INFO: Processing comandsExecutor...
2018:11:01:17:03:19 INFO: Processed 9 comands. Waiting next execution.
2018:11:01:17:03:28 INFO: Processing comandsExecutor...
2018:11:01:17:03:49 INFO: Processed 9 comands. Waiting next execution.
2018:11:01:17:03:58 INFO: Processing comandsExecutor...
2018:11:01:17:04:19 INFO: Processed 9 comands. Waiting next execution.
2018:11:01:17:04:28 INFO: Processing comandsExecutor...
2018:11:01:17:04:49 INFO: Processed 9 comands. Waiting next execution.
2018:11:01:17:04:58 INFO: Processing comandsExecutor...
2018:11:01:17:05:19 INFO: Processed 9 comands. Waiting next execution.
2018:11:01:17:05:28 INFO: Processing comandsExecutor...
2018:11:01:17:05:49 INFO: Processed 9 comands. Waiting next execution.
2018:11:01:17:05:58 INFO: Processing comandsExecutor...
2018:11:01:17:06:19 INFO: Processed 9 comands. Waiting next execution.
2018:11:01:17:06:28 INFO: Processing comandsExecutor...
2018:11:01:17:06:49 INFO: Processed 9 comands. Waiting next execution.
2018:11:01:17:06:58 INFO: Processing comandsExecutor...
2018:11:01:17:07:19 INFO: Processed 9 comands. Waiting next execution.
2018:11:01:17:07:28 INFO: Processing comandsExecutor...
2018:11:01:17:07:49 INFO: Processed 9 comands. Waiting next execution.
2018:11:01:17:07:58 INFO: Processing comandsExecutor...
2018:11:01:17:08:19 INFO: Processed 9 comands. Waiting next execution.
2018:11:01:17:08:28 INFO: Processing comandsExecutor...
2018:11:01:17:08:49 INFO: Processed 9 comands. Waiting next execution.
2018:11:01:17:08:58 INFO: Processing comandsExecutor...
2018:11:01:17:09:19 INFO: Processed 9 comands. Waiting next execution.
2018:11:01:17:09:28 INFO: Processing comandsExecutor...
2018:11:01:17:09:49 INFO: Processed 9 comands. Waiting next execution.
2018:11:01:17:09:58 INFO: Processing comandsExecutor...
2018:11:01:17:10:19 INFO: Processed 9 comands. Waiting next execution.
2018:11:01:17:10:28 INFO: Processing comandsExecutor...
2018:11:01:17:10:49 INFO: Processed 9 comands. Waiting next execution.
2018:11:01:17:10:58 INFO: Processing comandsExecutor...
2018:11:01:17:11:19 INFO: Processed 9 comands. Waiting next execution.
2018:11:01:17:11:28 INFO: Processing comandsExecutor...
2018:11:01:17:11:49 INFO: Processed 9 comands. Waiting next execution.
2018:11:01:17:11:58 INFO: Processing comandsExecutor...
2018:11:01:17:12:19 INFO: Processed 9 comands. Waiting next execution.
2018:11:01:17:12:28 INFO: Processing comandsExecutor...
2018:11:01:17:12:49 INFO: Processed 9 comands. Waiting next execution.
2018:11:01:17:12:58 INFO: Processing comandsExecutor...
2018:11:01:17:13:19 INFO: Processed 9 comands. Waiting next execution.
2018:11:01:17:13:28 INFO: Processing comandsExecutor...
2018:11:01:17:13:49 INFO: Processed 9 comands. Waiting next execution.
2018:11:01:17:13:58 INFO: Processing comandsExecutor...
2018:11:01:17:14:19 INFO: Processed 9 comands. Waiting next execution.
2018:11:01:17:14:28 INFO: Processing comandsExecutor...
2018:11:01:17:14:49 INFO: Processed 9 comands. Waiting next execution.
2018:11:01:17:14:58 INFO: Processing comandsExecutor...
2018:11:01:17:15:19 INFO: Processed 9 comands. Waiting next execution.
2018:11:01:17:15:28 INFO: Processing comandsExecutor...
2018:11:01:17:15:49 INFO: Processed 9 comands. Waiting next execution.
2018:11:01:17:15:58 INFO: Processing comandsExecutor...
2018:11:01:17:16:19 INFO: Processed 9 comands. Waiting next execution.
2018:11:01:17:16:28 INFO: Processing comandsExecutor...
2018:11:01:17:16:49 INFO: Processed 9 comands. Waiting next execution.
2018:11:01:17:16:58 INFO: Processing comandsExecutor...
2018:11:01:17:17:19 INFO: Processed 9 comands. Waiting next execution.
2018:11:01:17:17:28 INFO: Processing comandsExecutor...
2018:11:01:17:17:49 INFO: Processed 9 comands. Waiting next execution.
2018:11:01:17:17:58 INFO: Processing comandsExecutor...
2018:11:01:17:18:20 INFO: Processed 9 comands. Waiting next execution.
2018:11:01:17:18:28 INFO: Processing comandsExecutor...
2018:11:01:17:18:50 INFO: Processed 9 comands. Waiting next execution.
2018:11:01:17:18:58 INFO: Processing comandsExecutor...
2018:11:01:17:19:20 INFO: Processed 9 comands. Waiting next execution.
2018:11:01:17:19:29 INFO: Processing comandsExecutor...
2018:11:01:17:19:50 INFO: Processed 9 comands. Waiting next execution.
2018:11:01:17:19:59 INFO: Processing comandsExecutor...
2018:11:01:17:20:20 INFO: Processed 9 comands. Waiting next execution.
2018:11:01:17:20:29 INFO: Processing comandsExecutor...
2018:11:01:17:20:50 INFO: Processed 9 comands. Waiting next execution.
2018:11:01:17:20:59 INFO: Processing comandsExecutor...
2018:11:01:17:21:20 INFO: Processed 9 comands. Waiting next execution.
2018:11:01:17:21:29 INFO: Processing comandsExecutor...
2018:11:01:17:21:50 INFO: Processed 9 comands. Waiting next execution.
2018:11:01:17:21:59 INFO: Processing comandsExecutor...
2018:11:01:17:22:20 INFO: Processed 9 comands. Waiting next execution.
2018:11:01:17:22:29 INFO: Processing comandsExecutor...
2018:11:01:17:22:50 INFO: Processed 9 comands. Waiting next execution.
2018:11:01:17:22:59 INFO: Processing comandsExecutor...
2018:11:01:17:23:20 INFO: Processed 9 comands. Waiting next execution.
2018:11:01:17:23:29 INFO: Processing comandsExecutor...
2018:11:01:17:23:50 INFO: Processed 9 comands. Waiting next execution.
2018:11:01:17:23:59 INFO: Processing comandsExecutor...
2018:11:01:17:24:20 INFO: Processed 9 comands. Waiting next execution.
2018:11:01:17:24:29 INFO: Processing comandsExecutor...
2018:11:01:17:24:50 INFO: Processed 9 comands. Waiting next execution.
2018:11:01:17:24:59 INFO: Processing comandsExecutor...
2018:11:01:17:25:20 INFO: Processed 9 comands. Waiting next execution.
2018:11:01:17:25:29 INFO: Processing comandsExecutor...
2018:11:01:17:25:50 INFO: Processed 9 comands. Waiting next execution.
2018:11:01:17:25:59 INFO: Processing comandsExecutor...
2018:11:01:17:26:20 INFO: Processed 9 comands. Waiting next execution.
2018:11:01:17:26:29 INFO: Processing comandsExecutor...
2018:11:01:17:26:50 INFO: Processed 9 comands. Waiting next execution.
2018:11:01:17:26:59 INFO: Processing comandsExecutor...
2018:11:01:17:27:20 INFO: Processed 9 comands. Waiting next execution.
2018:11:01:17:27:29 INFO: Processing comandsExecutor...
2018:11:01:17:27:50 INFO: Processed 9 comands. Waiting next execution.
2018:11:01:17:27:59 INFO: Processing comandsExecutor...
2018:11:01:17:28:20 INFO: Processed 9 comands. Waiting next execution.
2018:11:01:17:28:29 INFO: Processing comandsExecutor...
2018:11:01:17:28:50 INFO: Processed 9 comands. Waiting next execution.
2018:11:01:17:28:59 INFO: Processing comandsExecutor...
2018:11:01:17:29:20 INFO: Processed 9 comands. Waiting next execution.
2018:11:01:17:29:29 INFO: Processing comandsExecutor...
2018:11:01:17:29:50 INFO: Processed 9 comands. Waiting next execution.
2018:11:01:17:29:59 INFO: Processing comandsExecutor...
2018:11:01:17:30:20 INFO: Processed 9 comands. Waiting next execution.
2018:11:01:17:30:29 INFO: Processing comandsExecutor...
2018:11:01:17:30:50 INFO: Processed 9 comands. Waiting next execution.
2018:11:01:17:30:59 INFO: Processing comandsExecutor...
2018:11:01:17:31:20 INFO: Processed 9 comands. Waiting next execution.
2018:11:01:17:31:29 INFO: Processing comandsExecutor...
2018:11:01:17:31:50 INFO: Processed 9 comands. Waiting next execution.
2018:11:01:17:31:59 INFO: Processing comandsExecutor...
2018:11:01:17:32:20 INFO: Processed 9 comands. Waiting next execution.
2018:11:01:17:32:29 INFO: Processing comandsExecutor...
2018:11:01:17:32:50 INFO: Processed 9 comands. Waiting next execution.
2018:11:01:17:32:59 INFO: Processing comandsExecutor...
2018:11:01:17:33:20 INFO: Processed 9 comands. Waiting next execution.
2018:11:01:17:33:29 INFO: Processing comandsExecutor...
2018:11:01:17:33:50 INFO: Processed 9 comands. Waiting next execution.
2018:11:01:17:33:59 INFO: Processing comandsExecutor...
2018:11:01:17:34:20 INFO: Processed 9 comands. Waiting next execution.
2018:11:01:17:34:29 INFO: Processing comandsExecutor...
2018:11:01:17:34:50 INFO: Processed 9 comands. Waiting next execution.
2018:11:01:17:34:59 INFO: Processing comandsExecutor...
2018:11:01:17:35:21 INFO: Processed 9 comands. Waiting next execution.
2018:11:01:17:35:29 INFO: Processing comandsExecutor...
2018:11:01:17:35:51 INFO: Processed 9 comands. Waiting next execution.
2018:11:01:17:35:59 INFO: Processing comandsExecutor...
2018:11:01:17:36:21 INFO: Processed 9 comands. Waiting next execution.
2018:11:01:17:36:29 INFO: Processing comandsExecutor...
2018:11:01:17:36:50 INFO: Processed 9 comands. Waiting next execution.
2018:11:01:17:36:59 INFO: Processing comandsExecutor...
2018:11:01:17:37:21 INFO: Processed 9 comands. Waiting next execution.
2018:11:01:17:37:29 INFO: Processing comandsExecutor...
2018:11:01:17:37:51 INFO: Processed 9 comands. Waiting next execution.
2018:11:01:17:37:59 INFO: Processing comandsExecutor...
2018:11:01:17:38:21 INFO: Processed 9 comands. Waiting next execution.
2018:11:01:17:38:30 INFO: Processing comandsExecutor...
2018:11:01:17:38:51 INFO: Processed 9 comands. Waiting next execution.
2018:11:01:17:39:00 INFO: Processing comandsExecutor...
2018:11:01:17:39:21 INFO: Processed 9 comands. Waiting next execution.
2018:11:01:17:39:30 INFO: Processing comandsExecutor...
2018:11:01:17:39:51 INFO: Processed 9 comands. Waiting next execution.
2018:11:01:17:40:00 INFO: Processing comandsExecutor...
2018:11:01:17:40:21 INFO: Processed 9 comands. Waiting next execution.
2018:11:01:17:40:30 INFO: Processing comandsExecutor...
2018:11:01:17:40:51 INFO: Processed 9 comands. Waiting next execution.
2018:11:01:17:41:00 INFO: Processing comandsExecutor...
2018:11:01:17:41:21 INFO: Processed 9 comands. Waiting next execution.
2018:11:01:17:41:30 INFO: Processing comandsExecutor...
2018:11:01:17:41:51 INFO: Processed 9 comands. Waiting next execution.
2018:11:01:17:42:00 INFO: Processing comandsExecutor...
2018:11:01:17:42:21 INFO: Processed 9 comands. Waiting next execution.
2018:11:01:17:42:30 INFO: Processing comandsExecutor...
2018:11:01:17:42:52 INFO: Processed 9 comands. Waiting next execution.
2018:11:01:17:43:00 INFO: Processing comandsExecutor...
2018:11:01:17:43:22 INFO: Processed 9 comands. Waiting next execution.
2018:11:01:17:43:31 INFO: Processing comandsExecutor...
2018:11:01:17:43:52 INFO: Processed 9 comands. Waiting next execution.
2018:11:01:17:44:01 INFO: Processing comandsExecutor...
2018:11:01:17:44:22 INFO: Processed 9 comands. Waiting next execution.
2018:11:01:17:44:31 INFO: Processing comandsExecutor...
2018:11:01:17:44:52 INFO: Processed 9 comands. Waiting next execution.
2018:11:01:17:45:01 INFO: Processing comandsExecutor...
2018:11:01:17:45:22 INFO: Processed 9 comands. Waiting next execution.
2018:11:01:17:45:31 INFO: Processing comandsExecutor...
2018:11:01:17:45:52 INFO: Processed 9 comands. Waiting next execution.
2018:11:01:17:46:01 INFO: Processing comandsExecutor...
2018:11:01:17:46:22 INFO: Processed 9 comands. Waiting next execution.
2018:11:01:17:46:31 INFO: Processing comandsExecutor...
2018:11:01:17:46:52 INFO: Processed 9 comands. Waiting next execution.
2018:11:01:17:47:01 INFO: Processing comandsExecutor...
2018:11:01:17:47:22 INFO: Processed 9 comands. Waiting next execution.
2018:11:01:17:47:31 INFO: Processing comandsExecutor...
2018:11:01:17:47:52 INFO: Processed 9 comands. Waiting next execution.
2018:11:01:17:48:01 INFO: Processing comandsExecutor...
2018:11:01:17:48:22 INFO: Processed 9 comands. Waiting next execution.
2018:11:01:17:48:31 INFO: Processing comandsExecutor...
2018:11:01:17:48:52 INFO: Processed 9 comands. Waiting next execution.
2018:11:01:17:49:01 INFO: Processing comandsExecutor...
2018:11:01:17:49:22 INFO: Processed 9 comands. Waiting next execution.
2018:11:01:17:49:31 INFO: Processing comandsExecutor...
2018:11:01:17:49:52 INFO: Processed 9 comands. Waiting next execution.
2018:11:01:17:50:01 INFO: Processing comandsExecutor...
2018:11:01:17:50:22 INFO: Processed 9 comands. Waiting next execution.
2018:11:01:17:50:31 INFO: Processing comandsExecutor...
2018:11:01:17:50:52 INFO: Processed 9 comands. Waiting next execution.
2018:11:01:17:51:01 INFO: Processing comandsExecutor...
2018:11:01:17:51:22 INFO: Processed 9 comands. Waiting next execution.
2018:11:01:17:51:31 INFO: Processing comandsExecutor...
2018:11:01:17:51:52 INFO: Processed 9 comands. Waiting next execution.
2018:11:01:17:52:01 INFO: Processing comandsExecutor...
2018:11:01:17:52:22 INFO: Processed 9 comands. Waiting next execution.
2018:11:01:17:52:31 INFO: Processing comandsExecutor...
2018:11:01:17:52:52 INFO: Processed 9 comands. Waiting next execution.
2018:11:01:17:53:01 INFO: Processing comandsExecutor...
2018:11:01:17:53:22 INFO: Processed 9 comands. Waiting next execution.
2018:11:01:17:53:31 INFO: Processing comandsExecutor...
2018:11:01:17:53:52 INFO: Processed 9 comands. Waiting next execution.
2018:11:01:17:54:01 INFO: Processing comandsExecutor...
2018:11:01:17:54:22 INFO: Processed 9 comands. Waiting next execution.
2018:11:01:17:54:31 INFO: Processing comandsExecutor...
2018:11:01:17:54:52 INFO: Processed 9 comands. Waiting next execution.
2018:11:01:17:55:01 INFO: Processing comandsExecutor...
2018:11:01:17:55:22 INFO: Processed 9 comands. Waiting next execution.
2018:11:01:17:55:31 INFO: Processing comandsExecutor...
2018:11:01:17:55:52 INFO: Processed 9 comands. Waiting next execution.
2018:11:01:17:56:01 INFO: Processing comandsExecutor...
2018:11:01:17:56:22 INFO: Processed 9 comands. Waiting next execution.
2018:11:01:17:56:31 INFO: Processing comandsExecutor...
2018:11:01:17:56:52 INFO: Processed 9 comands. Waiting next execution.
2018:11:01:17:57:01 INFO: Processing comandsExecutor...
2018:11:01:17:57:22 INFO: Processed 9 comands. Waiting next execution.
2018:11:01:17:57:31 INFO: Processing comandsExecutor...
2018:11:01:17:57:52 INFO: Processed 9 comands. Waiting next execution.
2018:11:01:17:58:01 INFO: Processing comandsExecutor...
2018:11:01:17:58:22 INFO: Processed 9 comands. Waiting next execution.
2018:11:01:17:58:31 INFO: Processing comandsExecutor...
2018:11:01:17:58:52 INFO: Processed 9 comands. Waiting next execution.
2018:11:01:17:59:01 INFO: Processing comandsExecutor...
2018:11:01:17:59:22 INFO: Processed 9 comands. Waiting next execution.
2018:11:01:17:59:31 INFO: Processing comandsExecutor...
2018:11:01:17:59:52 INFO: Processed 9 comands. Waiting next execution.
2018:11:01:18:00:01 INFO: Processing comandsExecutor...
2018:11:01:18:00:22 INFO: Processed 9 comands. Waiting next execution.
2018:11:01:18:00:31 INFO: Processing comandsExecutor...
2018:11:01:18:00:52 INFO: Processed 9 comands. Waiting next execution.
2018:11:01:18:01:01 INFO: Processing comandsExecutor...
2018:11:01:18:01:22 INFO: Processed 9 comands. Waiting next execution.
2018:11:01:18:01:31 INFO: Processing comandsExecutor...
2018:11:01:18:01:52 INFO: Processed 9 comands. Waiting next execution.
2018:11:01:18:02:01 INFO: Processing comandsExecutor...
2018:11:01:18:02:22 INFO: Processed 9 comands. Waiting next execution.
2018:11:01:18:02:31 INFO: Processing comandsExecutor...
2018:11:01:18:02:52 INFO: Processed 9 comands. Waiting next execution.
2018:11:01:18:03:01 INFO: Processing comandsExecutor...
2018:11:01:18:03:22 INFO: Processed 9 comands. Waiting next execution.
2018:11:01:18:03:31 INFO: Processing comandsExecutor...
2018:11:01:18:03:52 INFO: Processed 9 comands. Waiting next execution.
2018:11:01:18:04:01 INFO: Processing comandsExecutor...
2018:11:01:18:04:22 INFO: Processed 9 comands. Waiting next execution.
2018:11:01:18:04:31 INFO: Processing comandsExecutor...
2018:11:01:18:04:52 INFO: Processed 9 comands. Waiting next execution.
2018:11:01:18:05:01 INFO: Processing comandsExecutor...
2018:11:01:18:05:22 INFO: Processed 9 comands. Waiting next execution.
2018:11:01:18:05:31 INFO: Processing comandsExecutor...
2018:11:01:18:05:52 INFO: Processed 9 comands. Waiting next execution.
2018:11:01:18:06:01 INFO: Processing comandsExecutor...
2018:11:01:18:06:22 INFO: Processed 9 comands. Waiting next execution.
2018:11:01:18:06:31 INFO: Processing comandsExecutor...
2018:11:01:18:06:52 INFO: Processed 9 comands. Waiting next execution.
2018:11:01:18:07:01 INFO: Processing comandsExecutor...
2018:11:01:18:07:22 INFO: Processed 9 comands. Waiting next execution.
2018:11:01:18:07:31 INFO: Processing comandsExecutor...
2018:11:01:18:07:52 INFO: Processed 9 comands. Waiting next execution.
2018:11:01:18:08:01 INFO: Processing comandsExecutor...
2018:11:01:18:08:02 INFO: Processed 9 comands. Waiting next execution.
2018:11:01:18:08:31 INFO: Processing comandsExecutor...
2018:11:01:18:08:32 INFO: Processed 9 comands. Waiting next execution.
2018:11:01:18:09:01 INFO: Processing comandsExecutor...
2018:11:01:18:09:01 INFO: Processed 9 comands. Waiting next execution.
2018:11:01:18:09:31 INFO: Processing comandsExecutor...
2018:11:01:18:09:31 INFO: Processed 9 comands. Waiting next execution.
2018:11:01:18:10:01 INFO: Processing comandsExecutor...
2018:11:01:18:10:01 INFO: Processed 9 comands. Waiting next execution.
2018:11:01:18:10:31 INFO: Processing comandsExecutor...
2018:11:01:18:10:31 INFO: Processed 9 comands. Waiting next execution.
2018:11:01:18:11:01 INFO: Processing comandsExecutor...
2018:11:01:18:11:01 INFO: Processed 9 comands. Waiting next execution.
2018:11:01:18:11:31 INFO: Processing comandsExecutor...
2018:11:01:18:11:31 INFO: Processed 9 comands. Waiting next execution.
2018:11:01:18:12:01 INFO: Processing comandsExecutor...
2018:11:01:18:12:01 INFO: Processed 9 comands. Waiting next execution.
2018:11:01:18:12:31 INFO: Processing comandsExecutor...
2018:11:01:18:12:31 INFO: Processed 9 comands. Waiting next execution.
2018:11:01:18:13:01 INFO: Processing comandsExecutor...
2018:11:01:18:13:01 INFO: Processed 9 comands. Waiting next execution.
2018:11:01:18:13:31 INFO: Processing comandsExecutor...
2018:11:01:18:13:31 INFO: Processed 9 comands. Waiting next execution.
2018:11:01:18:14:01 INFO: Processing comandsExecutor...
2018:11:01:18:14:01 INFO: Processed 9 comands. Waiting next execution.
2018:11:01:18:14:31 INFO: Processing comandsExecutor...
2018:11:01:18:14:31 INFO: Processed 9 comands. Waiting next execution.
2018:11:01:18:15:01 INFO: Processing comandsExecutor...
2018:11:01:18:15:01 INFO: Processed 9 comands. Waiting next execution.
2018:11:01:18:15:31 INFO: Processing comandsExecutor...
2018:11:01:18:15:31 INFO: Processed 9 comands. Waiting next execution.
2018:11:01:18:16:01 INFO: Processing comandsExecutor...
2018:11:01:18:16:01 INFO: Processed 9 comands. Waiting next execution.
2018:11:01:18:16:31 INFO: Processing comandsExecutor...
2018:11:01:18:16:31 INFO: Processed 9 comands. Waiting next execution.
2018:11:01:18:17:01 INFO: Processing comandsExecutor...
2018:11:01:18:17:01 INFO: Processed 9 comands. Waiting next execution.
2018:11:01:18:17:31 INFO: Processing comandsExecutor...
2018:11:01:18:17:31 INFO: Processed 9 comands. Waiting next execution.
2018:11:01:18:18:01 INFO: Processing comandsExecutor...
2018:11:01:18:18:01 INFO: Processed 9 comands. Waiting next execution.
2018:11:01:18:18:31 INFO: Processing comandsExecutor...
2018:11:01:18:18:31 INFO: Processed 9 comands. Waiting next execution.
2018:11:01:18:19:01 INFO: Processing comandsExecutor...
2018:11:01:18:19:01 INFO: Processed 9 comands. Waiting next execution.
2018:11:01:18:19:31 INFO: Processing comandsExecutor...
2018:11:01:18:19:31 INFO: Processed 9 comands. Waiting next execution.
2018:11:01:18:20:01 INFO: Processing comandsExecutor...
2018:11:01:18:20:01 INFO: Processed 9 comands. Waiting next execution.
2018:11:01:18:20:31 INFO: Processing comandsExecutor...
2018:11:01:18:20:31 INFO: Processed 9 comands. Waiting next execution.
2018:11:01:18:21:01 INFO: Processing comandsExecutor...
2018:11:01:18:21:01 INFO: Processed 9 comands. Waiting next execution.
2018:11:01:18:21:31 INFO: Processing comandsExecutor...
2018:11:01:18:21:31 INFO: Processed 9 comands. Waiting next execution.
2018:11:01:18:22:01 INFO: Processing comandsExecutor...
2018:11:01:18:22:01 INFO: Processed 9 comands. Waiting next execution.
2018:11:01:18:22:31 INFO: Processing comandsExecutor...
2018:11:01:18:22:32 INFO: Processed 9 comands. Waiting next execution.
2018:11:01:18:23:01 INFO: Processing comandsExecutor...
2018:11:01:18:23:02 INFO: Processed 9 comands. Waiting next execution.
2018:11:01:18:23:32 INFO: Processing comandsExecutor...
2018:11:01:18:23:32 INFO: Processed 9 comands. Waiting next execution.
2018:11:01:18:24:02 INFO: Processing comandsExecutor...
2018:11:01:18:24:02 INFO: Processed 9 comands. Waiting next execution.
2018:11:01:18:24:32 INFO: Processing comandsExecutor...
2018:11:01:18:24:32 INFO: Processed 9 comands. Waiting next execution.
2018:11:01:18:25:02 INFO: Processing comandsExecutor...
2018:11:01:18:25:02 INFO: Processed 9 comands. Waiting next execution.
2018:11:01:18:25:32 INFO: Processing comandsExecutor...
2018:11:01:18:25:32 INFO: Processed 9 comands. Waiting next execution.
2018:11:01:18:26:02 INFO: Processing comandsExecutor...
2018:11:01:18:26:02 INFO: Processed 9 comands. Waiting next execution.
2018:11:01:18:26:32 INFO: Processing comandsExecutor...
2018:11:01:18:26:32 INFO: Processed 9 comands. Waiting next execution.
2018:11:01:18:27:02 INFO: Processing comandsExecutor...
2018:11:01:18:27:02 INFO: Processed 9 comands. Waiting next execution.
2018:11:01:18:27:32 INFO: Processing comandsExecutor...
2018:11:01:18:27:32 INFO: Processed 9 comands. Waiting next execution.
2018:11:01:18:28:02 INFO: Processing comandsExecutor...
2018:11:01:18:28:02 INFO: Processed 9 comands. Waiting next execution.
2018:11:01:18:28:32 INFO: Processing comandsExecutor...
2018:11:01:18:28:32 INFO: Processed 9 comands. Waiting next execution.
2018:11:01:18:29:02 INFO: Processing comandsExecutor...
2018:11:01:18:29:02 INFO: Processed 9 comands. Waiting next execution.
2018:11:01:18:29:32 INFO: Processing comandsExecutor...
2018:11:01:18:29:32 INFO: Processed 9 comands. Waiting next execution.
2018:11:01:18:30:02 INFO: Processing comandsExecutor...
2018:11:01:18:30:05 INFO: Processed 9 comands. Waiting next execution.
2018:11:01:18:30:32 INFO: Processing comandsExecutor...
2018:11:01:18:30:35 INFO: Processed 9 comands. Waiting next execution.
2018:11:01:18:31:02 INFO: Processing comandsExecutor...
2018:11:01:18:31:02 INFO: Processed 9 comands. Waiting next execution.
2018:11:01:18:31:32 INFO: Processing comandsExecutor...
2018:11:01:18:31:32 INFO: Processed 9 comands. Waiting next execution.
2018:11:01:18:32:02 INFO: Processing comandsExecutor...
2018:11:01:18:32:02 INFO: Processed 9 comands. Waiting next execution.
2018:11:01:18:32:32 INFO: Processing comandsExecutor...
2018:11:01:18:32:33 INFO: Processed 9 comands. Waiting next execution.
2018:11:01:18:33:02 INFO: Processing comandsExecutor...
2018:11:01:18:33:02 INFO: Processed 9 comands. Waiting next execution.
2018:11:01:18:33:32 INFO: Processing comandsExecutor...
2018:11:01:18:33:32 INFO: Processed 9 comands. Waiting next execution.
2018:11:01:18:34:02 INFO: Processing comandsExecutor...
2018:11:01:18:34:02 INFO: Processed 9 comands. Waiting next execution.
2018:11:01:18:34:32 INFO: Processing comandsExecutor...
2018:11:01:18:34:32 INFO: Processed 9 comands. Waiting next execution.
2018:11:01:18:35:02 INFO: Processing comandsExecutor...
2018:11:01:18:35:02 INFO: Processed 9 comands. Waiting next execution.
2018:11:01:18:35:32 INFO: Processing comandsExecutor...
2018:11:01:18:35:32 INFO: Processed 9 comands. Waiting next execution.
2018:11:01:18:36:02 INFO: Processing comandsExecutor...
2018:11:01:18:36:02 INFO: Processed 9 comands. Waiting next execution.
2018:11:01:18:36:32 INFO: Processing comandsExecutor...
2018:11:01:18:36:32 INFO: Processed 9 comands. Waiting next execution.
2018:11:01:18:37:02 INFO: Processing comandsExecutor...
2018:11:01:18:37:03 INFO: Processed 9 comands. Waiting next execution.
2018:11:01:18:37:32 INFO: Processing comandsExecutor...
2018:11:01:18:37:32 INFO: Processed 9 comands. Waiting next execution.
2018:11:01:18:38:02 INFO: Processing comandsExecutor...
2018:11:01:18:38:03 INFO: Processed 9 comands. Waiting next execution.
2018:11:01:18:38:33 INFO: Processing comandsExecutor...
2018:11:01:18:38:33 INFO: Processed 9 comands. Waiting next execution.
2018:11:01:18:39:03 INFO: Processing comandsExecutor...
2018:11:01:18:39:03 INFO: Processed 9 comands. Waiting next execution.
2018:11:01:18:39:33 INFO: Processing comandsExecutor...
2018:11:01:18:39:33 INFO: Processed 9 comands. Waiting next execution.
2018:11:01:18:40:03 INFO: Processing comandsExecutor...
2018:11:01:18:40:03 INFO: Processed 9 comands. Waiting next execution.
2018:11:01:18:40:33 INFO: Processing comandsExecutor...
2018:11:01:18:40:33 INFO: Processed 9 comands. Waiting next execution.
2018:11:01:18:41:03 INFO: Processing comandsExecutor...
2018:11:01:18:41:03 INFO: Processed 9 comands. Waiting next execution.
2018:11:01:18:41:33 INFO: Processing comandsExecutor...
2018:11:01:18:41:33 INFO: Processed 9 comands. Waiting next execution.
2018:11:01:18:42:03 INFO: Processing comandsExecutor...
2018:11:01:18:42:03 INFO: Processed 9 comands. Waiting next execution.
2018:11:01:18:42:33 INFO: Processing comandsExecutor...
2018:11:01:18:42:33 INFO: Processed 9 comands. Waiting next execution.
2018:11:01:18:43:03 INFO: Processing comandsExecutor...
2018:11:01:18:43:03 INFO: Processed 9 comands. Waiting next execution.
2018:11:01:18:43:33 INFO: Processing comandsExecutor...
2018:11:01:18:43:33 INFO: Processed 9 comands. Waiting next execution.
2018:11:01:18:44:03 INFO: Processing comandsExecutor...
2018:11:01:18:44:03 INFO: Processed 9 comands. Waiting next execution.
2018:11:01:18:44:33 INFO: Processing comandsExecutor...
2018:11:01:18:44:33 INFO: Processed 9 comands. Waiting next execution.
2018:11:01:18:45:03 INFO: Processing comandsExecutor...
2018:11:01:18:45:03 INFO: Processed 9 comands. Waiting next execution.
2018:11:01:18:45:33 INFO: Processing comandsExecutor...
2018:11:01:18:45:33 INFO: Processed 9 comands. Waiting next execution.
2018:11:01:18:46:03 INFO: Processing comandsExecutor...
2018:11:01:18:46:03 INFO: Processed 9 comands. Waiting next execution.
2018:11:01:18:46:33 INFO: Processing comandsExecutor...
2018:11:01:18:46:33 INFO: Processed 9 comands. Waiting next execution.
2018:11:01:18:47:03 INFO: Processing comandsExecutor...
2018:11:01:18:47:03 INFO: Processed 9 comands. Waiting next execution.
2018:11:01:18:47:33 INFO: Processing comandsExecutor...
2018:11:01:18:47:33 INFO: Processed 9 comands. Waiting next execution.
2018:11:01:18:48:03 INFO: Processing comandsExecutor...
2018:11:01:18:48:03 INFO: Processed 9 comands. Waiting next execution.
2018:11:01:18:48:33 INFO: Processing comandsExecutor...
2018:11:01:18:48:33 INFO: Processed 9 comands. Waiting next execution.
2018:11:01:18:49:03 INFO: Processing comandsExecutor...
2018:11:01:18:49:03 INFO: Processed 9 comands. Waiting next execution.
2018:11:01:18:49:33 INFO: Processing comandsExecutor...
2018:11:01:18:49:33 INFO: Processed 9 comands. Waiting next execution.
2018:11:01:18:50:03 INFO: Processing comandsExecutor...
2018:11:01:18:50:03 INFO: Processed 9 comands. Waiting next execution.
2018:11:01:18:50:33 INFO: Processing comandsExecutor...
2018:11:01:18:50:33 INFO: Processed 9 comands. Waiting next execution.
2018:11:01:18:51:03 INFO: Processing comandsExecutor...
2018:11:01:18:51:03 INFO: Processed 9 comands. Waiting next execution.
2018:11:01:18:51:33 INFO: Processing comandsExecutor...
2018:11:01:18:51:33 INFO: Processed 9 comands. Waiting next execution.
2018:11:01:18:52:03 INFO: Processing comandsExecutor...
2018:11:01:18:52:03 INFO: Processed 9 comands. Waiting next execution.
2018:11:01:18:52:33 INFO: Processing comandsExecutor...
2018:11:01:18:52:33 INFO: Processed 9 comands. Waiting next execution.
2018:11:01:18:53:03 INFO: Processing comandsExecutor...
2018:11:01:18:53:03 INFO: Processed 9 comands. Waiting next execution.
2018:11:01:18:53:33 INFO: Processing comandsExecutor...
2018:11:01:18:53:33 INFO: Processed 9 comands. Waiting next execution.
2018:11:01:18:54:03 INFO: Processing comandsExecutor...
2018:11:01:18:54:03 INFO: Processed 9 comands. Waiting next execution.
2018:11:01:18:54:33 INFO: Processing comandsExecutor...
2018:11:01:18:54:33 INFO: Processed 9 comands. Waiting next execution.
2018:11:01:18:55:03 INFO: Processing comandsExecutor...
2018:11:01:18:55:03 INFO: Processed 9 comands. Waiting next execution.
2018:11:01:18:55:33 INFO: Processing comandsExecutor...
2018:11:01:18:55:33 INFO: Processed 9 comands. Waiting next execution.
2018:11:01:18:56:03 INFO: Processing comandsExecutor...
2018:11:01:18:56:03 INFO: Processed 9 comands. Waiting next execution.
2018:11:01:18:56:33 INFO: Processing comandsExecutor...
2018:11:01:18:56:33 INFO: Processed 9 comands. Waiting next execution.
2018:11:01:18:57:03 INFO: Processing comandsExecutor...
2018:11:01:18:57:03 INFO: Processed 9 comands. Waiting next execution.
2018:11:01:18:57:33 INFO: Processing comandsExecutor...
2018:11:01:18:57:33 INFO: Processed 9 comands. Waiting next execution.
2018:11:01:18:58:03 INFO: Processing comandsExecutor...
2018:11:01:18:58:03 INFO: Processed 9 comands. Waiting next execution.
2018:11:01:18:58:33 INFO: Processing comandsExecutor...
2018:11:01:18:58:33 INFO: Processed 9 comands. Waiting next execution.
2018:11:01:18:59:03 INFO: Processing comandsExecutor...
2018:11:01:18:59:03 INFO: Processed 9 comands. Waiting next execution.
2018:11:01:18:59:33 INFO: Processing comandsExecutor...
2018:11:01:18:59:33 INFO: Processed 9 comands. Waiting next execution.
2018:11:01:19:00:03 INFO: Processing comandsExecutor...
2018:11:01:19:00:03 INFO: Processed 9 comands. Waiting next execution.
2018:11:01:19:00:33 INFO: Processing comandsExecutor...
2018:11:01:19:00:33 INFO: Processed 9 comands. Waiting next execution.
2018:11:01:19:01:03 INFO: Processing comandsExecutor...
2018:11:01:19:01:03 INFO: Processed 9 comands. Waiting next execution.
2018:11:01:19:01:33 INFO: Processing comandsExecutor...
2018:11:01:19:01:33 INFO: Processed 9 comands. Waiting next execution.
2018:11:01:19:02:03 INFO: Processing comandsExecutor...
2018:11:01:19:02:03 INFO: Processed 9 comands. Waiting next execution.
2018:11:01:19:02:33 INFO: Processing comandsExecutor...
2018:11:01:19:02:33 INFO: Processed 9 comands. Waiting next execution.
2018:11:01:19:03:03 INFO: Processing comandsExecutor...
2018:11:01:19:03:03 INFO: Processed 9 comands. Waiting next execution.
2018:11:01:19:03:33 INFO: Processing comandsExecutor...
2018:11:01:19:03:33 INFO: Processed 9 comands. Waiting next execution.
2018:11:01:19:04:03 INFO: Processing comandsExecutor...
2018:11:01:19:04:03 INFO: Processed 9 comands. Waiting next execution.
2018:11:01:19:04:33 INFO: Processing comandsExecutor...
2018:11:01:19:04:33 INFO: Processed 9 comands. Waiting next execution.
2018:11:01:19:05:03 INFO: Processing comandsExecutor...
2018:11:01:19:05:03 INFO: Processed 9 comands. Waiting next execution.
2018:11:01:19:05:33 INFO: Processing comandsExecutor...
2018:11:01:19:05:33 INFO: Processed 9 comands. Waiting next execution.
2018:11:01:19:06:03 INFO: Processing comandsExecutor...
2018:11:01:19:06:04 INFO: Processed 9 comands. Waiting next execution.
2018:11:01:19:06:33 INFO: Processing comandsExecutor...
2018:11:01:19:06:33 INFO: Processed 9 comands. Waiting next execution.
2018:11:01:19:07:03 INFO: Processing comandsExecutor...
2018:11:01:19:07:03 INFO: Processed 9 comands. Waiting next execution.
2018:11:01:19:07:33 INFO: Processing comandsExecutor...
2018:11:01:19:07:33 INFO: Processed 9 comands. Waiting next execution.
2018:11:01:19:08:03 INFO: Processing comandsExecutor...
2018:11:01:19:08:03 INFO: Processed 9 comands. Waiting next execution.
2018:11:01:19:08:33 INFO: Processing comandsExecutor...
2018:11:01:19:08:33 INFO: Processed 9 comands. Waiting next execution.
2018:11:01:19:09:03 INFO: Processing comandsExecutor...
2018:11:01:19:09:03 INFO: Processed 9 comands. Waiting next execution.
2018:11:01:19:09:33 INFO: Processing comandsExecutor...
2018:11:01:19:09:33 INFO: Processed 9 comands. Waiting next execution.
2018:11:01:19:10:03 INFO: Processing comandsExecutor...
2018:11:01:19:10:03 INFO: Processed 9 comands. Waiting next execution.
2018:11:01:19:10:33 INFO: Processing comandsExecutor...
2018:11:01:19:10:33 INFO: Processed 9 comands. Waiting next execution.
2018:11:01:19:11:03 INFO: Processing comandsExecutor...
2018:11:01:19:11:03 INFO: Processed 9 comands. Waiting next execution.
2018:11:01:19:11:33 INFO: Processing comandsExecutor...
2018:11:01:19:11:33 INFO: Processed 9 comands. Waiting next execution.
2018:11:01:19:12:03 INFO: Processing comandsExecutor...
2018:11:01:19:12:03 INFO: Processed 9 comands. Waiting next execution.
2018:11:01:19:12:33 INFO: Processing comandsExecutor...
2018:11:01:19:12:33 INFO: Processed 9 comands. Waiting next execution.
2018:11:01:19:13:03 INFO: Processing comandsExecutor...
2018:11:01:19:13:03 INFO: Processed 9 comands. Waiting next execution.
2018:11:01:19:13:33 INFO: Processing comandsExecutor...
2018:11:01:19:13:33 INFO: Processed 9 comands. Waiting next execution.
2018:11:01:19:14:03 INFO: Processing comandsExecutor...
2018:11:01:19:14:03 INFO: Processed 9 comands. Waiting next execution.
2018:11:01:19:14:33 INFO: Processing comandsExecutor...
2018:11:01:19:14:33 INFO: Processed 9 comands. Waiting next execution.
2018:11:01:19:15:03 INFO: Processing comandsExecutor...
2018:11:01:19:15:03 INFO: Processed 9 comands. Waiting next execution.
2018:11:01:19:15:33 INFO: Processing comandsExecutor...
2018:11:01:19:15:33 INFO: Processed 9 comands. Waiting next execution.
2018:11:01:19:16:03 INFO: Processing comandsExecutor...
2018:11:01:19:16:03 INFO: Processed 9 comands. Waiting next execution.
2018:11:01:19:16:33 INFO: Processing comandsExecutor...
2018:11:01:19:16:33 INFO: Processed 9 comands. Waiting next execution.
2018:11:01:19:17:03 INFO: Processing comandsExecutor...
2018:11:01:19:17:03 INFO: Processed 9 comands. Waiting next execution.
2018:11:01:19:17:33 INFO: Processing comandsExecutor...
2018:11:01:19:17:33 INFO: Processed 9 comands. Waiting next execution.
2018:11:01:19:18:03 INFO: Processing comandsExecutor...
2018:11:01:19:18:03 INFO: Processed 9 comands. Waiting next execution.
2018:11:01:19:18:33 INFO: Processing comandsExecutor...
2018:11:01:19:18:33 INFO: Processed 9 comands. Waiting next execution.
2018:11:01:19:19:03 INFO: Processing comandsExecutor...
2018:11:01:19:19:03 INFO: Processed 9 comands. Waiting next execution.
2018:11:01:19:19:33 INFO: Processing comandsExecutor...
2018:11:01:19:19:33 INFO: Processed 9 comands. Waiting next execution.
2018:11:01:19:20:03 INFO: Processing comandsExecutor...
2018:11:01:19:20:03 INFO: Processed 9 comands. Waiting next execution.
2018:11:01:19:20:33 INFO: Processing comandsExecutor...
2018:11:01:19:20:33 INFO: Processed 9 comands. Waiting next execution.
2018:11:01:19:21:03 INFO: Processing comandsExecutor...
2018:11:01:19:21:03 INFO: Processed 9 comands. Waiting next execution.
2018:11:01:19:21:33 INFO: Processing comandsExecutor...
2018:11:01:19:21:34 INFO: Processed 9 comands. Waiting next execution.
2018:11:01:19:22:03 INFO: Processing comandsExecutor...
2018:11:01:19:22:03 INFO: Processed 9 comands. Waiting next execution.
2018:11:01:19:22:33 INFO: Processing comandsExecutor...
2018:11:01:19:22:33 INFO: Processed 9 comands. Waiting next execution.
2018:11:01:19:23:03 INFO: Processing comandsExecutor...
2018:11:01:19:23:03 INFO: Processed 9 comands. Waiting next execution.
2018:11:01:19:23:33 INFO: Processing comandsExecutor...
2018:11:01:19:23:33 INFO: Processed 9 comands. Waiting next execution.
2018:11:01:19:24:03 INFO: Processing comandsExecutor...
2018:11:01:19:24:03 INFO: Processed 9 comands. Waiting next execution.
2018:11:01:19:24:33 INFO: Processing comandsExecutor...
2018:11:01:19:24:33 INFO: Processed 9 comands. Waiting next execution.
2018:11:01:19:25:03 INFO: Processing comandsExecutor...
2018:11:01:19:25:03 INFO: Processed 9 comands. Waiting next execution.
2018:11:01:19:25:33 INFO: Processing comandsExecutor...
2018:11:01:19:25:33 INFO: Processed 9 comands. Waiting next execution.
2018:11:01:19:26:03 INFO: Processing comandsExecutor...
2018:11:01:19:26:04 INFO: Processed 9 comands. Waiting next execution.
2018:11:01:19:26:33 INFO: Processing comandsExecutor...
2018:11:01:19:26:33 INFO: Processed 9 comands. Waiting next execution.
2018:11:01:19:27:03 INFO: Processing comandsExecutor...
2018:11:01:19:27:03 INFO: Processed 9 comands. Waiting next execution.
2018:11:01:19:27:33 INFO: Processing comandsExecutor...
2018:11:01:19:27:33 INFO: Processed 9 comands. Waiting next execution.
2018:11:01:19:28:03 INFO: Processing comandsExecutor...
2018:11:01:19:28:03 INFO: Processed 9 comands. Waiting next execution.
2018:11:01:19:28:33 INFO: Processing comandsExecutor...
2018:11:01:19:28:33 INFO: Processed 9 comands. Waiting next execution.
2018:11:01:19:29:03 INFO: Processing comandsExecutor...
2018:11:01:19:29:03 INFO: Processed 9 comands. Waiting next execution.
2018:11:01:19:29:33 INFO: Processing comandsExecutor...
2018:11:01:19:29:33 INFO: Processed 9 comands. Waiting next execution.
2018:11:01:19:30:03 INFO: Processing comandsExecutor...
2018:11:01:19:30:04 INFO: Processed 9 comands. Waiting next execution.
2018:11:01:19:30:33 INFO: Processing comandsExecutor...
2018:11:01:19:30:34 INFO: Processed 9 comands. Waiting next execution.
2018:11:01:19:31:03 INFO: Processing comandsExecutor...
2018:11:01:19:31:04 INFO: Processed 9 comands. Waiting next execution.
2018:11:01:19:31:33 INFO: Processing comandsExecutor...
2018:11:01:19:31:34 INFO: Processed 9 comands. Waiting next execution.
2018:11:01:19:32:03 INFO: Processing comandsExecutor...
2018:11:01:19:32:04 INFO: Processed 9 comands. Waiting next execution.
2018:11:01:19:32:33 INFO: Processing comandsExecutor...
2018:11:01:19:32:34 INFO: Processed 9 comands. Waiting next execution.
2018:11:01:19:33:03 INFO: Processing comandsExecutor...
2018:11:01:19:33:04 INFO: Processed 9 comands. Waiting next execution.
2018:11:01:19:33:33 INFO: Processing comandsExecutor...
2018:11:01:19:33:34 INFO: Processed 9 comands. Waiting next execution.
2018:11:01:19:34:03 INFO: Processing comandsExecutor...
2018:11:01:19:34:04 INFO: Processed 9 comands. Waiting next execution.
2018:11:01:19:34:33 INFO: Processing comandsExecutor...
2018:11:01:19:34:34 INFO: Processed 9 comands. Waiting next execution.
2018:11:01:19:35:03 INFO: Processing comandsExecutor...
2018:11:01:19:35:04 INFO: Processed 9 comands. Waiting next execution.
2018:11:01:19:35:33 INFO: Processing comandsExecutor...
2018:11:01:19:35:34 INFO: Processed 9 comands. Waiting next execution.
2018:11:01:19:36:03 INFO: Processing comandsExecutor...
2018:11:01:19:36:04 INFO: Processed 9 comands. Waiting next execution.
2018:11:01:19:36:33 INFO: Processing comandsExecutor...
2018:11:01:19:36:34 INFO: Processed 9 comands. Waiting next execution.
2018:11:01:19:37:03 INFO: Processing comandsExecutor...
2018:11:01:19:37:04 INFO: Processed 9 comands. Waiting next execution.
2018:11:01:19:37:33 INFO: Processing comandsExecutor...
2018:11:01:19:37:34 INFO: Processed 9 comands. Waiting next execution.
2018:11:01:19:38:03 INFO: Processing comandsExecutor...
2018:11:01:19:38:04 INFO: Processed 9 comands. Waiting next execution.
2018:11:01:19:38:33 INFO: Processing comandsExecutor...
2018:11:01:19:38:34 INFO: Processed 9 comands. Waiting next execution.
2018:11:01:19:39:03 INFO: Processing comandsExecutor...
2018:11:01:19:39:04 INFO: Processed 9 comands. Waiting next execution.
2018:11:01:19:39:33 INFO: Processing comandsExecutor...
2018:11:01:19:39:34 INFO: Processed 9 comands. Waiting next execution.
2018:11:01:19:40:03 INFO: Processing comandsExecutor...
2018:11:01:19:40:04 INFO: Processed 9 comands. Waiting next execution.
2018:11:01:19:40:34 INFO: Processing comandsExecutor...
2018:11:01:19:40:34 INFO: Processed 9 comands. Waiting next execution.
2018:11:01:19:41:04 INFO: Processing comandsExecutor...
2018:11:01:19:41:04 INFO: Processed 9 comands. Waiting next execution.
2018:11:01:19:41:34 INFO: Processing comandsExecutor...
2018:11:01:19:41:34 INFO: Processed 9 comands. Waiting next execution.
2018:11:01:19:42:04 INFO: Processing comandsExecutor...
2018:11:01:19:42:04 INFO: Processed 9 comands. Waiting next execution.
2018:11:01:19:42:34 INFO: Processing comandsExecutor...
2018:11:01:19:42:34 INFO: Processed 9 comands. Waiting next execution.
2018:11:01:19:43:04 INFO: Processing comandsExecutor...
2018:11:01:19:43:04 INFO: Processed 9 comands. Waiting next execution.
2018:11:01:19:43:34 INFO: Processing comandsExecutor...
2018:11:01:19:43:34 INFO: Processed 9 comands. Waiting next execution.
2018:11:01:19:44:04 INFO: Processing comandsExecutor...
2018:11:01:19:44:04 INFO: Processed 9 comands. Waiting next execution.
2018:11:01:19:44:34 INFO: Processing comandsExecutor...
2018:11:01:19:44:34 INFO: Processed 9 comands. Waiting next execution.
2018:11:01:19:45:04 INFO: Processing comandsExecutor...
2018:11:01:19:45:04 INFO: Processed 9 comands. Waiting next execution.
2018:11:01:19:45:34 INFO: Processing comandsExecutor...
2018:11:01:19:45:34 INFO: Processed 9 comands. Waiting next execution.
2018:11:01:19:46:04 INFO: Processing comandsExecutor...
2018:11:01:19:46:04 INFO: Processed 9 comands. Waiting next execution.
2018:11:01:19:46:34 INFO: Processing comandsExecutor...
2018:11:01:19:46:34 INFO: Processed 9 comands. Waiting next execution.
2018:11:01:19:47:04 INFO: Processing comandsExecutor...
2018:11:01:19:47:04 INFO: Processed 9 comands. Waiting next execution.
2018:11:01:19:47:34 INFO: Processing comandsExecutor...
2018:11:01:19:47:34 INFO: Processed 9 comands. Waiting next execution.
2018:11:01:19:48:04 INFO: Processing comandsExecutor...
2018:11:01:19:48:04 INFO: Processed 9 comands. Waiting next execution.
2018:11:01:19:48:34 INFO: Processing comandsExecutor...
2018:11:01:19:48:34 INFO: Processed 9 comands. Waiting next execution.
2018:11:01:19:49:04 INFO: Processing comandsExecutor...
2018:11:01:19:49:04 INFO: Processed 9 comands. Waiting next execution.
2018:11:01:19:49:34 INFO: Processing comandsExecutor...
2018:11:01:19:49:34 INFO: Processed 9 comands. Waiting next execution.
2018:11:01:19:50:04 INFO: Processing comandsExecutor...
2018:11:01:19:50:04 INFO: Processed 9 comands. Waiting next execution.
2018:11:01:19:50:34 INFO: Processing comandsExecutor...
2018:11:01:19:50:34 INFO: Processed 9 comands. Waiting next execution.
2018:11:01:19:51:04 INFO: Processing comandsExecutor...
2018:11:01:19:51:04 INFO: Processed 9 comands. Waiting next execution.
2018:11:01:19:51:34 INFO: Processing comandsExecutor...
2018:11:01:19:51:34 INFO: Processed 9 comands. Waiting next execution.
2018:11:01:19:52:04 INFO: Processing comandsExecutor...
2018:11:01:19:52:04 INFO: Processed 9 comands. Waiting next execution.
2018:11:01:19:52:34 INFO: Processing comandsExecutor...
2018:11:01:19:52:34 INFO: Processed 9 comands. Waiting next execution.
2018:11:01:19:53:04 INFO: Processing comandsExecutor...
2018:11:01:19:53:04 INFO: Processed 9 comands. Waiting next execution.
2018:11:01:19:53:34 INFO: Processing comandsExecutor...
2018:11:01:19:53:34 INFO: Processed 9 comands. Waiting next execution.
2018:11:01:19:54:04 INFO: Processing comandsExecutor...
2018:11:01:19:54:04 INFO: Processed 9 comands. Waiting next execution.
2018:11:01:19:54:34 INFO: Processing comandsExecutor...
2018:11:01:19:54:34 INFO: Processed 9 comands. Waiting next execution.
2018:11:01:19:55:04 INFO: Processing comandsExecutor...
2018:11:01:19:55:04 INFO: Processed 9 comands. Waiting next execution.
2018:11:01:19:55:34 INFO: Processing comandsExecutor...
2018:11:01:19:55:34 INFO: Processed 9 comands. Waiting next execution.
2018:11:01:19:56:04 INFO: Processing comandsExecutor...
2018:11:01:19:56:04 INFO: Processed 9 comands. Waiting next execution.
2018:11:01:19:56:34 INFO: Processing comandsExecutor...
2018:11:01:19:56:34 INFO: Processed 9 comands. Waiting next execution.
2018:11:01:19:57:04 INFO: Processing comandsExecutor...
2018:11:01:19:57:04 INFO: Processed 9 comands. Waiting next execution.
2018:11:01:19:57:34 INFO: Processing comandsExecutor...
2018:11:01:19:57:34 INFO: Processed 9 comands. Waiting next execution.
2018:11:01:19:58:04 INFO: Processing comandsExecutor...
2018:11:01:19:58:04 INFO: Processed 9 comands. Waiting next execution.
2018:11:01:19:58:34 INFO: Processing comandsExecutor...
2018:11:01:19:58:34 INFO: Processed 9 comands. Waiting next execution.
2018:11:01:19:59:04 INFO: Processing comandsExecutor...
2018:11:01:19:59:04 INFO: Processed 9 comands. Waiting next execution.
2018:11:01:19:59:34 INFO: Processing comandsExecutor...
2018:11:01:19:59:34 INFO: Processed 9 comands. Waiting next execution.
2018:11:01:20:00:04 INFO: Processing comandsExecutor...
2018:11:01:20:00:04 INFO: Processed 9 comands. Waiting next execution.
2018:11:01:20:00:34 INFO: Processing comandsExecutor...
2018:11:01:20:00:34 INFO: Processed 9 comands. Waiting next execution.
2018:11:01:20:01:04 INFO: Processing comandsExecutor...
2018:11:01:20:01:04 INFO: Processed 9 comands. Waiting next execution.
2018:11:01:20:01:34 INFO: Processing comandsExecutor...
2018:11:01:20:01:34 INFO: Processed 9 comands. Waiting next execution.
2018:11:01:20:02:04 INFO: Processing comandsExecutor...
2018:11:01:20:02:04 INFO: Processed 9 comands. Waiting next execution.
2018:11:01:20:02:34 INFO: Processing comandsExecutor...
2018:11:01:20:02:34 INFO: Processed 9 comands. Waiting next execution.
2018:11:01:20:03:04 INFO: Processing comandsExecutor...
2018:11:01:20:03:04 INFO: Processed 9 comands. Waiting next execution.
2018:11:01:20:03:34 INFO: Processing comandsExecutor...
2018:11:01:20:03:34 INFO: Processed 9 comands. Waiting next execution.
2018:11:01:20:04:04 INFO: Processing comandsExecutor...
2018:11:01:20:04:04 INFO: Processed 9 comands. Waiting next execution.
2018:11:01:20:04:34 INFO: Processing comandsExecutor...
2018:11:01:20:04:34 INFO: Processed 9 comands. Waiting next execution.
2018:11:01:20:05:04 INFO: Processing comandsExecutor...
2018:11:01:20:05:04 INFO: Processed 9 comands. Waiting next execution.
2018:11:01:20:05:34 INFO: Processing comandsExecutor...
2018:11:01:20:05:34 INFO: Processed 9 comands. Waiting next execution.
2018:11:01:20:06:04 INFO: Processing comandsExecutor...
2018:11:01:20:06:04 INFO: Processed 9 comands. Waiting next execution.
2018:11:01:20:06:34 INFO: Processing comandsExecutor...
2018:11:01:20:06:34 INFO: Processed 9 comands. Waiting next execution.
2018:11:01:20:07:04 INFO: Processing comandsExecutor...
2018:11:01:20:07:04 INFO: Processed 9 comands. Waiting next execution.
2018:11:01:20:07:34 INFO: Processing comandsExecutor...
2018:11:01:20:07:34 INFO: Processed 9 comands. Waiting next execution.
2018:11:01:20:08:04 INFO: Processing comandsExecutor...
2018:11:01:20:08:04 INFO: Processed 9 comands. Waiting next execution.
2018:11:01:20:08:34 INFO: Processing comandsExecutor...
2018:11:01:20:08:34 INFO: Processed 9 comands. Waiting next execution.
2018:11:01:20:09:04 INFO: Processing comandsExecutor...
2018:11:01:20:09:04 INFO: Processed 9 comands. Waiting next execution.
2018:11:01:20:09:34 INFO: Processing comandsExecutor...
2018:11:01:20:09:34 INFO: Processed 9 comands. Waiting next execution.
2018:11:01:20:10:04 INFO: Processing comandsExecutor...
2018:11:01:20:10:04 INFO: Processed 9 comands. Waiting next execution.
2018:11:01:20:10:34 INFO: Processing comandsExecutor...
2018:11:01:20:10:34 INFO: Processed 9 comands. Waiting next execution.
2018:11:01:20:11:04 INFO: Processing comandsExecutor...
2018:11:01:20:11:04 INFO: Processed 9 comands. Waiting next execution.
2018:11:01:20:11:34 INFO: Processing comandsExecutor...
2018:11:01:20:11:34 INFO: Processed 9 comands. Waiting next execution.
2018:11:01:20:12:04 INFO: Processing comandsExecutor...
2018:11:01:20:12:04 INFO: Processed 9 comands. Waiting next execution.
2018:11:01:20:12:34 INFO: Processing comandsExecutor...
2018:11:01:20:12:34 INFO: Processed 9 comands. Waiting next execution.
2018:11:01:20:13:04 INFO: Processing comandsExecutor...
2018:11:01:20:13:04 INFO: Processed 9 comands. Waiting next execution.
2018:11:01:20:13:34 INFO: Processing comandsExecutor...
2018:11:01:20:13:34 INFO: Processed 9 comands. Waiting next execution.
2018:11:01:20:14:04 INFO: Processing comandsExecutor...
2018:11:01:20:14:04 INFO: Processed 9 comands. Waiting next execution.
2018:11:01:20:14:34 INFO: Processing comandsExecutor...
2018:11:01:20:14:34 INFO: Processed 9 comands. Waiting next execution.
2018:11:01:20:15:04 INFO: Processing comandsExecutor...
2018:11:01:20:15:04 INFO: Processed 9 comands. Waiting next execution.
2018:11:01:20:15:34 INFO: Processing comandsExecutor...
2018:11:01:20:15:34 INFO: Processed 9 comands. Waiting next execution.
2018:11:01:20:16:04 INFO: Processing comandsExecutor...
2018:11:01:20:16:04 INFO: Processed 9 comands. Waiting next execution.
2018:11:01:20:16:34 INFO: Processing comandsExecutor...
2018:11:01:20:16:34 INFO: Processed 9 comands. Waiting next execution.
2018:11:01:20:17:04 INFO: Processing comandsExecutor...
2018:11:01:20:17:04 INFO: Processed 9 comands. Waiting next execution.
2018:11:01:20:17:34 INFO: Processing comandsExecutor...
2018:11:01:20:17:34 INFO: Processed 9 comands. Waiting next execution.
2018:11:01:20:18:04 INFO: Processing comandsExecutor...
2018:11:01:20:18:04 INFO: Processed 9 comands. Waiting next execution.
2018:11:01:20:18:34 INFO: Processing comandsExecutor...
2018:11:01:20:18:34 INFO: Processed 9 comands. Waiting next execution.
2018:11:01:20:19:04 INFO: Processing comandsExecutor...
2018:11:01:20:19:04 INFO: Processed 9 comands. Waiting next execution.
2018:11:01:20:19:34 INFO: Processing comandsExecutor...
2018:11:01:20:19:34 INFO: Processed 9 comands. Waiting next execution.
2018:11:01:20:20:04 INFO: Processing comandsExecutor...
2018:11:01:20:20:04 INFO: Processed 9 comands. Waiting next execution.
2018:11:01:20:20:34 INFO: Processing comandsExecutor...
2018:11:01:20:20:34 INFO: Processed 9 comands. Waiting next execution.
2018:11:01:20:21:04 INFO: Processing comandsExecutor...
2018:11:01:20:21:04 INFO: Processed 9 comands. Waiting next execution.
2018:11:01:20:21:34 INFO: Processing comandsExecutor...
2018:11:01:20:21:34 INFO: Processed 9 comands. Waiting next execution.
2018:11:01:20:22:04 INFO: Processing comandsExecutor...
2018:11:01:20:22:04 INFO: Processed 9 comands. Waiting next execution.
2018:11:01:20:22:34 INFO: Processing comandsExecutor...
2018:11:01:20:22:34 INFO: Processed 9 comands. Waiting next execution.
2018:11:01:20:23:04 INFO: Processing comandsExecutor...
2018:11:01:20:23:04 INFO: Processed 9 comands. Waiting next execution.
2018:11:01:20:23:34 INFO: Processing comandsExecutor...
2018:11:01:20:23:34 INFO: Processed 9 comands. Waiting next execution.
2018:11:01:20:24:04 INFO: Processing comandsExecutor...
2018:11:01:20:24:04 INFO: Processed 9 comands. Waiting next execution.
2018:11:01:20:24:34 INFO: Processing comandsExecutor...
2018:11:01:20:24:34 INFO: Processed 9 comands. Waiting next execution.
2018:11:01:20:25:04 INFO: Processing comandsExecutor...
2018:11:01:20:25:04 INFO: Processed 9 comands. Waiting next execution.
2018:11:01:20:25:34 INFO: Processing comandsExecutor...
2018:11:01:20:25:34 INFO: Processed 9 comands. Waiting next execution.
2018:11:01:20:26:04 INFO: Processing comandsExecutor...
2018:11:01:20:26:04 INFO: Processed 9 comands. Waiting next execution.
2018:11:01:20:26:34 INFO: Processing comandsExecutor...
2018:11:01:20:26:34 INFO: Processed 9 comands. Waiting next execution.
2018:11:01:20:27:04 INFO: Processing comandsExecutor...
2018:11:01:20:27:04 INFO: Processed 9 comands. Waiting next execution.
2018:11:01:20:27:34 INFO: Processing comandsExecutor...
2018:11:01:20:27:34 INFO: Processed 9 comands. Waiting next execution.
2018:11:01:20:28:04 INFO: Processing comandsExecutor...
2018:11:01:20:28:05 INFO: Processed 9 comands. Waiting next execution.
2018:11:01:20:28:34 INFO: Processing comandsExecutor...
2018:11:01:20:28:34 INFO: Processed 9 comands. Waiting next execution.
2018:11:01:20:29:04 INFO: Processing comandsExecutor...
2018:11:01:20:29:04 INFO: Processed 9 comands. Waiting next execution.
2018:11:01:20:29:34 INFO: Processing comandsExecutor...
2018:11:01:20:29:34 INFO: Processed 9 comands. Waiting next execution.
2018:11:01:20:30:04 INFO: Processing comandsExecutor...
2018:11:01:20:30:04 INFO: Processed 9 comands. Waiting next execution.
2018:11:01:20:30:34 INFO: Processing comandsExecutor...
2018:11:01:20:30:34 INFO: Processed 9 comands. Waiting next execution.
2018:11:01:20:31:04 INFO: Processing comandsExecutor...
2018:11:01:20:31:04 INFO: Processed 9 comands. Waiting next execution.
2018:11:01:20:31:34 INFO: Processing comandsExecutor...
2018:11:01:20:31:34 INFO: Processed 9 comands. Waiting next execution.
2018:11:01:20:32:04 INFO: Processing comandsExecutor...
2018:11:01:20:32:04 INFO: Processed 9 comands. Waiting next execution.
2018:11:01:20:32:34 INFO: Processing comandsExecutor...
2018:11:01:20:32:34 INFO: Processed 9 comands. Waiting next execution.
2018:11:01:20:33:04 INFO: Processing comandsExecutor...
2018:11:01:20:33:04 INFO: Processed 9 comands. Waiting next execution.
2018:11:01:20:33:34 INFO: Processing comandsExecutor...
2018:11:01:20:33:34 INFO: Processed 9 comands. Waiting next execution.
2018:11:01:20:34:04 INFO: Processing comandsExecutor...
2018:11:01:20:34:04 INFO: Processed 9 comands. Waiting next execution.
2018:11:01:20:34:34 INFO: Processing comandsExecutor...
2018:11:01:20:34:34 INFO: Processed 9 comands. Waiting next execution.
2018:11:01:20:35:04 INFO: Processing comandsExecutor...
2018:11:01:20:35:07 INFO: Processed 9 comands. Waiting next execution.
2018:11:01:20:35:34 INFO: Processing comandsExecutor...
2018:11:01:20:35:34 INFO: Processed 9 comands. Waiting next execution.
2018:11:01:20:36:04 INFO: Processing comandsExecutor...
2018:11:01:20:36:04 INFO: Processed 9 comands. Waiting next execution.
2018:11:01:20:36:34 INFO: Processing comandsExecutor...
2018:11:01:20:36:34 INFO: Processed 9 comands. Waiting next execution.
2018:11:01:20:37:04 INFO: Processing comandsExecutor...
2018:11:01:20:37:04 INFO: Processed 9 comands. Waiting next execution.
2018:11:01:20:37:34 INFO: Processing comandsExecutor...
2018:11:01:20:37:34 INFO: Processed 9 comands. Waiting next execution.
2018:11:01:20:38:04 INFO: Processing comandsExecutor...
2018:11:01:20:38:04 INFO: Processed 9 comands. Waiting next execution.
2018:11:01:20:38:34 INFO: Processing comandsExecutor...
2018:11:01:20:38:34 INFO: Processed 9 comands. Waiting next execution.
2018:11:01:20:39:04 INFO: Processing comandsExecutor...
2018:11:01:20:39:04 INFO: Processed 9 comands. Waiting next execution.
2018:11:01:20:39:34 INFO: Processing comandsExecutor...
2018:11:01:20:39:34 INFO: Processed 9 comands. Waiting next execution.
2018:11:01:20:40:04 INFO: Processing comandsExecutor...
2018:11:01:20:40:04 INFO: Processed 9 comands. Waiting next execution.
2018:11:01:20:40:34 INFO: Processing comandsExecutor...
2018:11:01:20:40:34 INFO: Processed 9 comands. Waiting next execution.
2018:11:01:20:41:04 INFO: Processing comandsExecutor...
2018:11:01:20:41:07 INFO: Processed 9 comands. Waiting next execution.
2018:11:01:20:41:34 INFO: Processing comandsExecutor...
2018:11:01:20:41:35 INFO: Processed 9 comands. Waiting next execution.
2018:11:01:20:42:04 INFO: Processing comandsExecutor...
2018:11:01:20:42:05 INFO: Processed 9 comands. Waiting next execution.
2018:11:01:20:42:34 INFO: Processing comandsExecutor...
2018:11:01:20:42:35 INFO: Processed 9 comands. Waiting next execution.
2018:11:01:20:43:04 INFO: Processing comandsExecutor...
2018:11:01:20:43:05 INFO: Processed 9 comands. Waiting next execution.
2018:11:01:20:43:34 INFO: Processing comandsExecutor...
2018:11:01:20:43:35 INFO: Processed 9 comands. Waiting next execution.
2018:11:01:20:44:04 INFO: Processing comandsExecutor...
2018:11:01:20:44:05 INFO: Processed 9 comands. Waiting next execution.
2018:11:01:20:44:34 INFO: Processing comandsExecutor...
2018:11:01:20:44:35 INFO: Processed 9 comands. Waiting next execution.
2018:11:01:20:45:04 INFO: Processing comandsExecutor...
2018:11:01:20:45:05 INFO: Processed 9 comands. Waiting next execution.
2018:11:01:20:45:34 INFO: Processing comandsExecutor...
2018:11:01:20:45:35 INFO: Processed 9 comands. Waiting next execution.
2018:11:01:20:46:05 INFO: Processing comandsExecutor...
2018:11:01:20:46:05 INFO: Processed 9 comands. Waiting next execution.
2018:11:01:20:46:35 INFO: Processing comandsExecutor...
2018:11:01:20:46:35 INFO: Processed 9 comands. Waiting next execution.
2018:11:01:20:47:05 INFO: Processing comandsExecutor...
2018:11:01:20:47:05 INFO: Processed 9 comands. Waiting next execution.
2018:11:01:20:47:35 INFO: Processing comandsExecutor...
2018:11:01:20:47:35 INFO: Processed 9 comands. Waiting next execution.
2018:11:01:20:48:05 INFO: Processing comandsExecutor...
2018:11:01:20:48:05 INFO: Processed 9 comands. Waiting next execution.
2018:11:01:20:48:35 INFO: Processing comandsExecutor...
2018:11:01:20:48:35 INFO: Processed 9 comands. Waiting next execution.
2018:11:01:20:49:05 INFO: Processing comandsExecutor...
2018:11:01:20:49:05 INFO: Processed 9 comands. Waiting next execution.
2018:11:01:20:49:35 INFO: Processing comandsExecutor...
2018:11:01:20:49:35 INFO: Processed 9 comands. Waiting next execution.
2018:11:01:20:50:05 INFO: Processing comandsExecutor...
2018:11:01:20:50:05 INFO: Processed 9 comands. Waiting next execution.
2018:11:01:20:50:35 INFO: Processing comandsExecutor...
2018:11:01:20:50:35 INFO: Processed 9 comands. Waiting next execution.
2018:11:01:20:51:05 INFO: Processing comandsExecutor...
2018:11:01:20:51:05 INFO: Processed 9 comands. Waiting next execution.
2018:11:01:20:51:35 INFO: Processing comandsExecutor...
2018:11:01:20:51:35 INFO: Processed 9 comands. Waiting next execution.
2018:11:01:20:52:05 INFO: Processing comandsExecutor...
2018:11:01:20:52:05 INFO: Processed 9 comands. Waiting next execution.
2018:11:01:23:52:34 INFO: Processing comandsExecutor...
2018:11:01:23:52:34 INFO: Processed 9 comands. Waiting next execution.
